nohup: ignoring input
[01:56:11] Starting 48 ViT CIFAR-100/SVHN experiments across 2 GPUs
Datasets: ['cifar100', 'svhn']
Clients: [20, 50]
Partitions: ['iid', 'noniid']
Budgets: lower, higher
Methods: ['FedIT', 'FedEx-LoRA', 'FFA-LoRA', 'FlexLoRA', 'FeDoRA', 'RAVAN']
Seeds: [42]
============================================================
[01:56:11] Checking if GPU 0 VRAM is below 5000 MB...
[01:56:11] Checking if GPU 1 VRAM is below 5000 MB...
[01:56:11] Starting 'cifar100_20c_iid_lower_FedIT_seed42' on GPU 0...

[01:56:11] Starting 'cifar100_20c_iid_lower_FedEx-LoRA_seed42' on GPU 1...

[cifar100_20c_iid_lower_FedIT_seed42|GPU0] /home/hmkang/python/venv3.11.7/project/lib/python3.11/site-packages/torchvision/datasets/cifar.py:83: VisibleDeprecationWarning: dtype(): align should be passed as Python or NumPy boolean but got `align=0`. Did you mean to pass a tuple to create a subarray type? (Deprecated NumPy 2.4)
[cifar100_20c_iid_lower_FedIT_seed42|GPU0]   entry = pickle.load(f, encoding="latin1")
[cifar100_20c_iid_lower_FedEx-LoRA_seed42|GPU1] /home/hmkang/python/venv3.11.7/project/lib/python3.11/site-packages/torchvision/datasets/cifar.py:83: VisibleDeprecationWarning: dtype(): align should be passed as Python or NumPy boolean but got `align=0`. Did you mean to pass a tuple to create a subarray type? (Deprecated NumPy 2.4)
[cifar100_20c_iid_lower_FedEx-LoRA_seed42|GPU1]   entry = pickle.load(f, encoding="latin1")
[cifar100_20c_iid_lower_FedIT_seed42|GPU0] mean: 2500.0
[cifar100_20c_iid_lower_FedIT_seed42|GPU0] std: 0.0
[cifar100_20c_iid_lower_FedEx-LoRA_seed42|GPU1] mean: 2500.0
[cifar100_20c_iid_lower_FedEx-LoRA_seed42|GPU1] std: 0.0
[cifar100_20c_iid_lower_FedIT_seed42|GPU0] 06-15 01:56 Loading pretrained weights from Hugging Face hub (timm/vit_base_patch16_224.augreg2_in21k_ft_in1k)
[cifar100_20c_iid_lower_FedEx-LoRA_seed42|GPU1] 06-15 01:56 Loading pretrained weights from Hugging Face hub (timm/vit_base_patch16_224.augreg2_in21k_ft_in1k)
[cifar100_20c_iid_lower_FedIT_seed42|GPU0] 06-15 01:56 HTTP Request: HEAD https://huggingface.co/timm/vit_base_patch16_224.augreg2_in21k_ft_in1k/resolve/main/model.safetensors "HTTP/1.1 302 Found"
[cifar100_20c_iid_lower_FedIT_seed42|GPU0] 06-15 01:56 [timm/vit_base_patch16_224.augreg2_in21k_ft_in1k] Safe alternative available for 'pytorch_model.bin' (as 'model.safetensors'). Loading weights using safetensors.
[cifar100_20c_iid_lower_FedEx-LoRA_seed42|GPU1] 06-15 01:56 HTTP Request: HEAD https://huggingface.co/timm/vit_base_patch16_224.augreg2_in21k_ft_in1k/resolve/main/model.safetensors "HTTP/1.1 302 Found"
[cifar100_20c_iid_lower_FedEx-LoRA_seed42|GPU1] 06-15 01:56 [timm/vit_base_patch16_224.augreg2_in21k_ft_in1k] Safe alternative available for 'pytorch_model.bin' (as 'model.safetensors'). Loading weights using safetensors.
[cifar100_20c_iid_lower_FedIT_seed42|GPU0] 06-15 01:56 round:0
[cifar100_20c_iid_lower_FedEx-LoRA_seed42|GPU1] 06-15 01:56 round:0
[cifar100_20c_iid_lower_FedIT_seed42|GPU0] 06-15 01:56 At round: 0, avg_loss: 3.2319, within_variance: 877474.6875, between_variance: 262010.40625
[cifar100_20c_iid_lower_FedEx-LoRA_seed42|GPU1] 06-15 01:56 At round: 0, avg_loss: 2.4130, within_variance: 1855342.75, between_variance: 1086554.75
[cifar100_20c_iid_lower_FedIT_seed42|GPU0] 06-15 01:57 At round: 0, avg_loss: 2.7751, within_variance: 949559.125, between_variance: 335780.5625
[cifar100_20c_iid_lower_FedEx-LoRA_seed42|GPU1] 06-15 01:57 At round: 0, avg_loss: 2.4054, within_variance: 1957513.25, between_variance: 1127136.875
[cifar100_20c_iid_lower_FedIT_seed42|GPU0] 06-15 01:58 At round: 0, avg_loss: 4.7739, within_variance: 578972.25, between_variance: 55966.109375
[cifar100_20c_iid_lower_FedEx-LoRA_seed42|GPU1] 06-15 01:58 At round: 0, avg_loss: 2.4202, within_variance: 1772137.5, between_variance: 1038657.9375
[cifar100_20c_iid_lower_FedIT_seed42|GPU0] train time: 173.57449460029602
[cifar100_20c_iid_lower_FedIT_seed42|GPU0] 06-15 01:59 ----------------------------------------------------------------------
[cifar100_20c_iid_lower_FedIT_seed42|GPU0] 06-15 01:59 ROUND 0
[cifar100_20c_iid_lower_FedIT_seed42|GPU0] 06-15 01:59 --- MEAN_LOCAL_ACC = 0.2972
[cifar100_20c_iid_lower_FedIT_seed42|GPU0] 06-15 01:59 ----------------------------------------------------------------------
[cifar100_20c_iid_lower_FedEx-LoRA_seed42|GPU1] train time: 182.7790002822876
[cifar100_20c_iid_lower_FedEx-LoRA_seed42|GPU1] 06-15 01:59 ----------------------------------------------------------------------
[cifar100_20c_iid_lower_FedEx-LoRA_seed42|GPU1] 06-15 01:59 ROUND 0
[cifar100_20c_iid_lower_FedEx-LoRA_seed42|GPU1] 06-15 01:59 --- MEAN_LOCAL_ACC = 0.7748
[cifar100_20c_iid_lower_FedEx-LoRA_seed42|GPU1] 06-15 01:59 ----------------------------------------------------------------------
[cifar100_20c_iid_lower_FedEx-LoRA_seed42|GPU1] 06-15 01:59 ROUND 0 FedEx-LoRA [vit.blocks.0.attn.qkv] res_norm=0.440018, rec_norm=0.439895, svd_r=32
[cifar100_20c_iid_lower_FedEx-LoRA_seed42|GPU1] 06-15 01:59 ROUND 0 FedEx-LoRA [vit.blocks.1.attn.qkv] res_norm=0.507628, rec_norm=0.507327, svd_r=32
[cifar100_20c_iid_lower_FedEx-LoRA_seed42|GPU1] 06-15 01:59 ROUND 0 FedEx-LoRA [vit.blocks.2.attn.qkv] res_norm=0.441711, rec_norm=0.441445, svd_r=32
[cifar100_20c_iid_lower_FedEx-LoRA_seed42|GPU1] 06-15 01:59 ROUND 0 FedEx-LoRA [vit.blocks.3.attn.qkv] res_norm=0.415409, rec_norm=0.414975, svd_r=32
[cifar100_20c_iid_lower_FedEx-LoRA_seed42|GPU1] 06-15 01:59 ROUND 0 FedEx-LoRA [vit.blocks.4.attn.qkv] res_norm=0.383906, rec_norm=0.383125, svd_r=32
[cifar100_20c_iid_lower_FedEx-LoRA_seed42|GPU1] 06-15 01:59 ROUND 0 FedEx-LoRA [vit.blocks.5.attn.qkv] res_norm=0.313214, rec_norm=0.312388, svd_r=32
[cifar100_20c_iid_lower_FedEx-LoRA_seed42|GPU1] 06-15 01:59 ROUND 0 FedEx-LoRA [vit.blocks.6.attn.qkv] res_norm=0.376745, rec_norm=0.375424, svd_r=32
[cifar100_20c_iid_lower_FedEx-LoRA_seed42|GPU1] 06-15 01:59 ROUND 0 FedEx-LoRA [vit.blocks.7.attn.qkv] res_norm=0.363656, rec_norm=0.361440, svd_r=32
[cifar100_20c_iid_lower_FedEx-LoRA_seed42|GPU1] 06-15 01:59 ROUND 0 FedEx-LoRA [vit.blocks.8.attn.qkv] res_norm=0.339528, rec_norm=0.334430, svd_r=32
[cifar100_20c_iid_lower_FedEx-LoRA_seed42|GPU1] 06-15 01:59 ROUND 0 FedEx-LoRA [vit.blocks.9.attn.qkv] res_norm=0.437343, rec_norm=0.434698, svd_r=32
[cifar100_20c_iid_lower_FedEx-LoRA_seed42|GPU1] 06-15 01:59 ROUND 0 FedEx-LoRA [vit.blocks.10.attn.qkv] res_norm=0.445898, rec_norm=0.442721, svd_r=32
[cifar100_20c_iid_lower_FedEx-LoRA_seed42|GPU1] 06-15 01:59 ROUND 0 FedEx-LoRA [vit.blocks.11.attn.qkv] res_norm=0.427845, rec_norm=0.425054, svd_r=32
[cifar100_20c_iid_lower_FedIT_seed42|GPU0] 06-15 01:59 >> Global Model Test accuracy: 0.7231
[cifar100_20c_iid_lower_FedIT_seed42|GPU0] 06-15 01:59 round:1
[cifar100_20c_iid_lower_FedEx-LoRA_seed42|GPU1] 06-15 02:00 >> Global Model Test accuracy: 0.8311
[cifar100_20c_iid_lower_FedEx-LoRA_seed42|GPU1] 06-15 02:00 round:1
[cifar100_20c_iid_lower_FedIT_seed42|GPU0] 06-15 02:00 At round: 1, avg_loss: 3.3020, within_variance: 559489.0625, between_variance: 121949.3203125
[cifar100_20c_iid_lower_FedEx-LoRA_seed42|GPU1] 06-15 02:00 At round: 1, avg_loss: 0.7387, within_variance: 1900121.0, between_variance: 1598491.75
[cifar100_20c_iid_lower_FedIT_seed42|GPU0] 06-15 02:01 At round: 1, avg_loss: 2.2649, within_variance: 631716.375, between_variance: 238246.640625
[cifar100_20c_iid_lower_FedEx-LoRA_seed42|GPU1] 06-15 02:01 At round: 1, avg_loss: 0.6914, within_variance: 1898059.25, between_variance: 1684670.75
